<?xml version="1.0" encoding="UTF-8"?>
<!-- Generated by org.testng.reporters.JUnitReportReporter -->
<testsuite skipped="0" hostname="DESKTOP-D2KIIH1" name="com.test.tests.TekarchAppTestScriptE2E" tests="5" failures="0" timestamp="2022-02-24T16:50:48 CST" time="32.738" errors="0">
  <testcase name="testAddUser" time="8.896" classname="com.test.tests.TekarchAppTestScriptE2E"/>
  <system-out/>
  <testcase name="login" time="3.676" classname="com.test.tests.TekarchAppTestScriptE2E"/>
  <system-out/>
  <testcase name="testDeleteUser" time="2.920" classname="com.test.tests.TekarchAppTestScriptE2E"/>
  <system-out/>
  <testcase name="testGetAllUser" time="7.221" classname="com.test.tests.TekarchAppTestScriptE2E"/>
  <system-out/>
  <testcase name="testUpdateUser" time="10.025" classname="com.test.tests.TekarchAppTestScriptE2E"/>
  <system-out/>
</testsuite> <!-- com.test.tests.TekarchAppTestScriptE2E -->
